[0m10:24:56.941802 [debug] [MainThread]: Sending event: {'category': 'dbt', 'action': 'invocation', 'label': 'start', 'context': [<snowplow_tracker.self_describing_json.SelfDescribingJson object at 0x00000254DE807F50>, <snowplow_tracker.self_describing_json.SelfDescribingJson object at 0x00000254DE79FA90>, <snowplow_tracker.self_describing_json.SelfDescribingJson object at 0x00000254DE79F710>]}


============================== 10:24:57.059166 | 12d91275-e6d4-46b9-b845-8336d31541ca ==============================
[0m10:24:57.059166 [info ] [MainThread]: Running with dbt=1.10.13
[0m10:24:57.060166 [debug] [MainThread]: running dbt with arguments {'invocation_command': 'dbt init', 'profiles_dir': 'C:\\Users\\ansho\\.dbt', 'cache_selected_only': 'False', 'target_path': 'None', 'log_format': 'default', 'warn_error': 'None', 'log_path': 'logs', 'fail_fast': 'False', 'indirect_selection': 'eager', 'send_anonymous_usage_stats': 'True', 'partial_parse': 'True', 'warn_error_options': 'WarnErrorOptionsV2(error=[], warn=[], silence=[])', 'static_parser': 'True', 'version_check': 'True', 'use_experimental_parser': 'False', 'quiet': 'False', 'introspect': 'True', 'empty': 'None', 'log_cache_events': 'False', 'debug': 'False', 'no_print': 'None', 'use_colors': 'True', 'printer_width': '80', 'write_json': 'True'}
[0m10:25:25.541182 [debug] [MainThread]: Starter project path: D:\Anshoom\DBT Practice\.venv\Lib\site-packages\dbt\include\starter_project
[0m10:25:25.617856 [info ] [MainThread]: 
Your new dbt project "project1" was created!

For more information on how to configure the profiles.yml file,
please consult the dbt documentation here:

  https://docs.getdbt.com/docs/configure-your-profile

One more thing:

Need help? Don't hesitate to reach out to us via GitHub issues or on Slack:

  https://community.getdbt.com/

Happy modeling!

[0m10:25:25.618853 [info ] [MainThread]: Setting up your profile.
[0m10:25:34.333740 [debug] [MainThread]: Spark adapter: Setting pyhive.hive logging to ERROR
[0m10:25:34.334742 [debug] [MainThread]: Spark adapter: Setting thrift.transport logging to ERROR
[0m10:25:34.335741 [debug] [MainThread]: Spark adapter: Setting thrift.protocol logging to ERROR
[0m10:35:43.855315 [info ] [MainThread]: Profile project1 written to C:\Users\ansho\.dbt\profiles.yml using target's profile_template.yml and your supplied values. Run 'dbt debug' to validate the connection.
[0m10:35:43.857318 [debug] [MainThread]: Command `dbt init` succeeded at 10:35:43.856319 after 647.03 seconds
[0m10:35:43.857318 [debug] [MainThread]: Sending event: {'category': 'dbt', 'action': 'invocation', 'label': 'end', 'context': [<snowplow_tracker.self_describing_json.SelfDescribingJson object at 0x00000254DE7B0F50>, <snowplow_tracker.self_describing_json.SelfDescribingJson object at 0x00000254F949B310>, <snowplow_tracker.self_describing_json.SelfDescribingJson object at 0x00000254DE543F10>]}
[0m10:35:43.858318 [debug] [MainThread]: Flushing usage events
[0m10:35:46.275849 [debug] [MainThread]: An error was encountered while trying to flush usage events
[0m10:36:07.552726 [debug] [MainThread]: Sending event: {'category': 'dbt', 'action': 'invocation', 'label': 'start', 'context': [<snowplow_tracker.self_describing_json.SelfDescribingJson object at 0x000001E32FDA9650>, <snowplow_tracker.self_describing_json.SelfDescribingJson object at 0x000001E32FDABBD0>, <snowplow_tracker.self_describing_json.SelfDescribingJson object at 0x000001E32FDA9610>]}


============================== 10:36:07.567562 | 8696a239-5647-4a12-a827-720f3e8d6853 ==============================
[0m10:36:07.567562 [info ] [MainThread]: Running with dbt=1.10.13
[0m10:36:07.568562 [debug] [MainThread]: running dbt with arguments {'write_json': 'True', 'use_colors': 'True', 'log_format': 'default', 'cache_selected_only': 'False', 'no_print': 'None', 'warn_error': 'None', 'static_parser': 'True', 'partial_parse': 'True', 'indirect_selection': 'eager', 'send_anonymous_usage_stats': 'True', 'fail_fast': 'False', 'warn_error_options': 'WarnErrorOptionsV2(error=[], warn=[], silence=[])', 'log_path': 'logs', 'version_check': 'True', 'use_experimental_parser': 'False', 'quiet': 'False', 'introspect': 'True', 'empty': 'None', 'log_cache_events': 'False', 'debug': 'False', 'profiles_dir': 'C:\\Users\\ansho\\.dbt', 'invocation_command': 'dbt debug', 'printer_width': '80', 'target_path': 'None'}
[0m10:36:07.793995 [info ] [MainThread]: dbt version: 1.10.13
[0m10:36:07.794995 [info ] [MainThread]: python version: 3.11.9
[0m10:36:07.795996 [info ] [MainThread]: python path: D:\Anshoom\DBT Practice\.venv\Scripts\python.exe
[0m10:36:07.796995 [info ] [MainThread]: os info: Windows-10-10.0.26200-SP0
[0m10:36:10.274548 [debug] [MainThread]: Spark adapter: Setting pyhive.hive logging to ERROR
[0m10:36:10.274548 [debug] [MainThread]: Spark adapter: Setting thrift.transport logging to ERROR
[0m10:36:10.275555 [debug] [MainThread]: Spark adapter: Setting thrift.protocol logging to ERROR
[0m10:36:15.380030 [info ] [MainThread]: Error importing adapter: No module named 'dbt.adapters.mysql5'
[0m10:36:15.381032 [info ] [MainThread]: Using profiles dir at C:\Users\ansho\.dbt
[0m10:36:15.382041 [info ] [MainThread]: Using profiles.yml file at C:\Users\ansho\.dbt\profiles.yml
[0m10:36:15.383038 [info ] [MainThread]: Using dbt_project.yml file at D:\Anshoom\DBT Practice\dbt_project.yml
[0m10:36:15.383038 [info ] [MainThread]: Configuration:
[0m10:36:15.384043 [info ] [MainThread]:   profiles.yml file [[31mERROR invalid[0m]
[0m10:36:15.385039 [info ] [MainThread]:   dbt_project.yml file [[31mERROR not found[0m]
[0m10:36:15.386038 [info ] [MainThread]: Required dependencies:
[0m10:36:15.386038 [debug] [MainThread]: Executing "git --help"
[0m10:36:15.457993 [debug] [MainThread]: STDOUT: "b"usage: git [-v | --version] [-h | --help] [-C <path>] [-c <name>=<value>]\n           [--exec-path[=<path>]] [--html-path] [--man-path] [--info-path]\n           [-p | --paginate | -P | --no-pager] [--no-replace-objects] [--no-lazy-fetch]\n           [--no-optional-locks] [--no-advice] [--bare] [--git-dir=<path>]\n           [--work-tree=<path>] [--namespace=<name>] [--config-env=<name>=<envvar>]\n           <command> [<args>]\n\nThese are common Git commands used in various situations:\n\nstart a working area (see also: git help tutorial)\n   clone      Clone a repository into a new directory\n   init       Create an empty Git repository or reinitialize an existing one\n\nwork on the current change (see also: git help everyday)\n   add        Add file contents to the index\n   mv         Move or rename a file, a directory, or a symlink\n   restore    Restore working tree files\n   rm         Remove files from the working tree and from the index\n\nexamine the history and state (see also: git help revisions)\n   bisect     Use binary search to find the commit that introduced a bug\n   diff       Show changes between commits, commit and working tree, etc\n   grep       Print lines matching a pattern\n   log        Show commit logs\n   show       Show various types of objects\n   status     Show the working tree status\n\ngrow, mark and tweak your common history\n   backfill   Download missing objects in a partial clone\n   branch     List, create, or delete branches\n   commit     Record changes to the repository\n   merge      Join two or more development histories together\n   rebase     Reapply commits on top of another base tip\n   reset      Reset current HEAD to the specified state\n   switch     Switch branches\n   tag        Create, list, delete or verify a tag object signed with GPG\n\ncollaborate (see also: git help workflows)\n   fetch      Download objects and refs from another repository\n   pull       Fetch from and integrate with another repository or a local branch\n   push       Update remote refs along with associated objects\n\n'git help -a' and 'git help -g' list available subcommands and some\nconcept guides. See 'git help <command>' or 'git help <concept>'\nto read about a specific subcommand or concept.\nSee 'git help git' for an overview of the system.\n""
[0m10:36:15.459401 [debug] [MainThread]: STDERR: "b''"
[0m10:36:15.460481 [info ] [MainThread]:  - git [[32mOK found[0m]

[0m10:36:15.460481 [info ] [MainThread]: Connection test skipped since no profile was found
[0m10:36:15.461855 [info ] [MainThread]: [31m2 checks failed:[0m
[0m10:36:15.461855 [info ] [MainThread]: Could not load dbt_project.yml
Profile loading failed for the following reason:
Runtime Error
  Credentials in profile "testProject1", target "dev" invalid: Runtime Error
    Could not find adapter type mysql5!


[0m10:36:15.463380 [info ] [MainThread]: Project loading failed for the following reason:
 project path <D:\Anshoom\DBT Practice\dbt_project.yml> not found

[0m10:36:15.464900 [debug] [MainThread]: Command `dbt debug` failed at 10:36:15.464900 after 8.08 seconds
[0m10:36:15.465903 [debug] [MainThread]: Sending event: {'category': 'dbt', 'action': 'invocation', 'label': 'end', 'context': [<snowplow_tracker.self_describing_json.SelfDescribingJson object at 0x000001E349A134D0>, <snowplow_tracker.self_describing_json.SelfDescribingJson object at 0x000001E348A268D0>, <snowplow_tracker.self_describing_json.SelfDescribingJson object at 0x000001E329BFCF50>]}
[0m10:36:15.466901 [debug] [MainThread]: Flushing usage events
[0m10:36:17.918386 [debug] [MainThread]: An error was encountered while trying to flush usage events
